<?xml version="1.0" encoding="UTF-8"?>
<!-- Generated by org.testng.reporters.JUnitXMLReporter -->
<testsuite ignored="0" hostname="empid25024" failures="5" tests="5" name="Surefire test" time="194.961" errors="0" timestamp="2025-06-17T14:54:26 IST">
  <testcase classname="com.framework.tests.DashboardEmployeeDistributionTest" name="testLegendInteractions" time="37.286">
    <failure type="java.lang.AssertionError" message="No legend items found in Employee Distribution chart expected [false] but found [true]">
      <![CDATA[java.lang.AssertionError: No legend items found in Employee Distribution chart expected [false] but found [true]
at com.framework.tests.DashboardEmployeeDistributionTest.testLegendInteractions(DashboardEmployeeDistributionTest.java:115)
at java.base/java.util.ArrayList.forEach(ArrayList.java:1596)
... Removed 33 stack frames]]>
    </failure>
  </testcase> <!-- testLegendInteractions -->
  <testcase classname="com.framework.tests.DashboardEmployeeDistributionTest" name="testSubUnitChartData" time="39.301">
    <failure type="java.lang.AssertionError" message="Employee Distribution chart data validation failed expected [true] but found [false]">
      <![CDATA[java.lang.AssertionError: Employee Distribution chart data validation failed expected [true] but found [false]
at com.framework.tests.DashboardEmployeeDistributionTest.testSubUnitChartData(DashboardEmployeeDistributionTest.java:95)
at java.base/java.util.ArrayList.forEach(ArrayList.java:1596)
... Removed 33 stack frames]]>
    </failure>
  </testcase> <!-- testSubUnitChartData -->
  <testcase classname="com.framework.tests.DashboardEmployeeDistributionTest" name="testSubUnitChartDisplayed" time="39.567">
    <failure type="java.lang.AssertionError" message="Employee Distribution chart is not displayed expected [true] but found [false]">
      <![CDATA[java.lang.AssertionError: Employee Distribution chart is not displayed expected [true] but found [false]
at com.framework.tests.DashboardEmployeeDistributionTest.testSubUnitChartDisplayed(DashboardEmployeeDistributionTest.java:48)
at java.base/java.util.ArrayList.forEach(ArrayList.java:1596)
... Removed 33 stack frames]]>
    </failure>
  </testcase> <!-- testSubUnitChartDisplayed -->
  <testcase classname="com.framework.tests.DashboardEmployeeDistributionTest" name="testSubUnitLegendItems" time="36.322">
    <failure type="java.lang.AssertionError" message="No legend items found in Employee Distribution chart expected [false] but found [true]">
      <![CDATA[java.lang.AssertionError: No legend items found in Employee Distribution chart expected [false] but found [true]
at com.framework.tests.DashboardEmployeeDistributionTest.testSubUnitLegendItems(DashboardEmployeeDistributionTest.java:70)
at java.base/java.util.ArrayList.forEach(ArrayList.java:1596)
... Removed 33 stack frames]]>
    </failure>
  </testcase> <!-- testSubUnitLegendItems -->
  <testcase classname="com.framework.tests.DashboardEmployeeDistributionTest" name="testSubUnitWidgetPresent" time="37.353">
    <failure type="org.openqa.selenium.TimeoutException" message="Expected condition failed: waiting for visibility of Proxy element for: DefaultElementLocator &amp;apos;By.xpath: //p[contains(text(), &amp;apos;Employee Distribution by Sub Unit&amp;apos;)]&amp;apos; (tried for 20 second(s) with 500 milliseconds interval)">
      <![CDATA[org.openqa.selenium.TimeoutException: Expected condition failed: waiting for visibility of Proxy element for: DefaultElementLocator 'By.xpath: //p[contains(text(), 'Employee Distribution by Sub Unit')]' (tried for 20 second(s) with 500 milliseconds interval)
at org.openqa.selenium.support.ui.WebDriverWait.timeoutException(WebDriverWait.java:84)
at org.openqa.selenium.support.ui.FluentWait.until(FluentWait.java:228)
at com.framework.pages.DashboardPage.isEmployeeDistributionWidgetDisplayed(DashboardPage.java:150)
at com.framework.tests.DashboardEmployeeDistributionTest.testSubUnitWidgetPresent(DashboardEmployeeDistributionTest.java:29)
at java.base/java.util.ArrayList.forEach(ArrayList.java:1596)
Caused by: org.openqa.selenium.NoSuchElementException: no such element: Unable to locate element: {"method":"xpath","selector":"//p[contains(text(), 'Employee Distribution by Sub Unit')]"}
  (Session info: chrome=134.0.6998.165)
For documentation on this error, please visit: https://www.selenium.dev/documentation/webdriver/troubleshooting/errors#no-such-element-exception
Build info: version: '4.18.1', revision: 'b1d3319b48'
System info: os.name: 'Linux', os.arch: 'amd64', os.version: '6.8.0-59-generic', java.version: '21.0.7'
Driver info: org.openqa.selenium.chrome.ChromeDriver
Command: [4eaee0b869e5b3cb830980a20daeb827, findElement {using=xpath, value=//p[contains(text(), 'Employee Distribution by Sub Unit')]}]
Capabilities {acceptInsecureCerts: false, browserName: chrome, browserVersion: 134.0.6998.165, chrome: {chromedriverVersion: 134.0.6998.165 (fd886e2cb29..., userDataDir: /tmp/.org.chromium.Chromium...}, fedcm:accounts: true, goog:chromeOptions: {debuggerAddress: localhost:41677}, networkConnectionEnabled: false, pageLoadStrategy: normal, platformName: linux, proxy: Proxy(), se:cdp: ws://localhost:41677/devtoo..., se:cdpVersion: 134.0.6998.165, setWindowRect: true, strictFileInteractability: false, timeouts: {implicit: 0, pageLoad: 300000, script: 30000}, unhandledPromptBehavior: dismiss and notify, webauthn:extension:credBlob: true, webauthn:extension:largeBlob: true, webauthn:extension:minPinLength: true, webauthn:extension:prf: true, webauthn:virtualAuthenticators: true}
Session ID: 4eaee0b869e5b3cb830980a20daeb827
at org.openqa.selenium.remote.ErrorCodec.decode(ErrorCodec.java:167)
at org.openqa.selenium.remote.codec.w3c.W3CHttpResponseCodec.decode(W3CHttpResponseCodec.java:138)
at org.openqa.selenium.remote.codec.w3c.W3CHttpResponseCodec.decode(W3CHttpResponseCodec.java:50)
at org.openqa.selenium.remote.HttpCommandExecutor.execute(HttpCommandExecutor.java:190)
at org.openqa.selenium.remote.service.DriverCommandExecutor.invokeExecute(DriverCommandExecutor.java:216)
at org.openqa.selenium.remote.service.DriverCommandExecutor.execute(DriverCommandExecutor.java:174)
at org.openqa.selenium.remote.RemoteWebDriver.execute(RemoteWebDriver.java:519)
at org.openqa.selenium.remote.ElementLocation$ElementFinder$2.findElement(ElementLocation.java:165)
at org.openqa.selenium.remote.ElementLocation.findElement(ElementLocation.java:59)
at org.openqa.selenium.remote.RemoteWebDriver.findElement(RemoteWebDriver.java:356)
at org.openqa.selenium.remote.RemoteWebDriver.findElement(RemoteWebDriver.java:350)
at org.openqa.selenium.support.pagefactory.DefaultElementLocator.findElement(DefaultElementLocator.java:68)
at org.openqa.selenium.support.pagefactory.internal.LocatingElementHandler.invoke(LocatingElementHandler.java:38)
at jdk.proxy2/jdk.proxy2.$Proxy11.isDisplayed(Unknown Source)
at org.openqa.selenium.support.ui.ExpectedConditions.elementIfVisible(ExpectedConditions.java:304)
at org.openqa.selenium.support.ui.ExpectedConditions$10.apply(ExpectedConditions.java:290)
at org.openqa.selenium.support.ui.ExpectedConditions$10.apply(ExpectedConditions.java:287)
at org.openqa.selenium.support.ui.FluentWait.until(FluentWait.java:203)
... 33 more
... Removed 33 stack frames]]>
    </failure>
  </testcase> <!-- testSubUnitWidgetPresent -->
</testsuite> <!-- Surefire test -->
